0 info it worked if it ends with ok
1 verbose cli [ '/usr/local/Cellar/node/6.2.1/bin/node',
1 verbose cli   '/usr/local/bin/npm',
1 verbose cli   'start' ]
2 info using npm@3.10.6
3 info using node@v6.2.1
4 verbose run-script [ 'prestart', 'start', 'poststart' ]
5 info lifecycle coedit@1.0.0~prestart: coedit@1.0.0
6 silly lifecycle coedit@1.0.0~prestart: no script for prestart, continuing
7 info lifecycle coedit@1.0.0~start: coedit@1.0.0
8 verbose lifecycle coedit@1.0.0~start: unsafe-perm in lifecycle true
9 verbose lifecycle coedit@1.0.0~start: PATH: /usr/local/lib/node_modules/npm/bin/node-gyp-bin:/Users/Jesson/code/coedit/node_modules/.bin:/usr/local/Cellar/node/6.2.1/bin:/Users/Jesson/.rvm/gems/ruby-2.2.3/bin:/Users/Jesson/.rvm/gems/ruby-2.2.3@global/bin:/Users/Jesson/.rvm/rubies/ruby-2.2.3/bin:/usr/local/bin:/usr/local/sbin:/usr/bin:/bin:/usr/sbin:/sbin:/opt/X11/bin:/usr/local/go/bin:/usr/local/MacGPG2/bin:/Library/Frameworks/Mono.framework/Versions/Current/Commands:/Users/Jesson/.rvm/bin:/Users/Jesson/.yadr/bin:/Users/Jesson/.yadr/bin/yadr:/Users/Jesson/.rvm/bin
10 verbose lifecycle coedit@1.0.0~start: CWD: /Users/Jesson/code/coedit
11 silly lifecycle coedit@1.0.0~start: Args: [ '-c', 'node server/app.js' ]
12 silly lifecycle coedit@1.0.0~start: Returned: code: 1  signal: null
13 info lifecycle coedit@1.0.0~start: Failed to exec start script
14 verbose stack Error: coedit@1.0.0 start: `node server/app.js`
14 verbose stack Exit status 1
14 verbose stack     at EventEmitter.<anonymous> (/usr/local/lib/node_modules/npm/lib/utils/lifecycle.js:255:16)
14 verbose stack     at emitTwo (events.js:106:13)
14 verbose stack     at EventEmitter.emit (events.js:191:7)
14 verbose stack     at ChildProcess.<anonymous> (/usr/local/lib/node_modules/npm/lib/utils/spawn.js:40:14)
14 verbose stack     at emitTwo (events.js:106:13)
14 verbose stack     at ChildProcess.emit (events.js:191:7)
14 verbose stack     at maybeClose (internal/child_process.js:852:16)
14 verbose stack     at Process.ChildProcess._handle.onexit (internal/child_process.js:215:5)
15 verbose pkgid coedit@1.0.0
16 verbose cwd /Users/Jesson/code/coedit
17 error Darwin 15.6.0
18 error argv "/usr/local/Cellar/node/6.2.1/bin/node" "/usr/local/bin/npm" "start"
19 error node v6.2.1
20 error npm  v3.10.6
21 error code ELIFECYCLE
22 error coedit@1.0.0 start: `node server/app.js`
22 error Exit status 1
23 error Failed at the coedit@1.0.0 start script 'node server/app.js'.
23 error Make sure you have the latest version of node.js and npm installed.
23 error If you do, this is most likely a problem with the coedit package,
23 error not with npm itself.
23 error Tell the author that this fails on your system:
23 error     node server/app.js
23 error You can get information on how to open an issue for this project with:
23 error     npm bugs coedit
23 error Or if that isn't available, you can get their info via:
23 error     npm owner ls coedit
23 error There is likely additional logging output above.
24 verbose exit [ 1, true ]
